<?xml version="1.0" encoding="UTF-8" standalone="no"?>
<!DOCTYPE log SYSTEM "logger.dtd">
<head/><log>
<record>
  <date>2016-09-06T21:49:47.408-0300</date>
  <logger>LUCAS LIMA VIEIRA</logger>
  <level>FINE</level>
  <message>File 115110721-LUCAS LIMA VIEIRA.zip was received. It was sent by LUCAS LIMA VIEIRA from IP 127.0.1.1</message>
</record>
</log>
<?xml version="1.0" encoding="UTF-8" standalone="no"?>
<!DOCTYPE log SYSTEM "logger.dtd">
<log>
<record>
  <date>2016-09-06T23:15:22.610-0300</date>
  <logger>LUCAS LIMA VIEIRA</logger>
  <level>FINE</level>
  <message>File 115110721-LUCAS LIMA VIEIRA.zip was received. It was sent by LUCAS LIMA VIEIRA from IP 127.0.1.1</message>
</record>
</log>
<?xml version="1.0" encoding="UTF-8" standalone="no"?>
<!DOCTYPE log SYSTEM "logger.dtd">
<log>
<record>
  <date>2016-09-06T23:29:03.010-0300</date>
  <logger>LUCAS LIMA VIEIRA</logger>
  <level>FINE</level>
  <message>File 115110721-LUCAS LIMA VIEIRA.zip was received. It was sent by LUCAS LIMA VIEIRA from IP 127.0.1.1</message>
</record>
